<link rel="stylesheet" type="text/css" href="Connections/Shear/Endplate/log.css"/>

    <div  class="LOG INFO">
        <span class="DATE">Thu, 18 Aug 2016 11:43:39</span>
        <span class="LEVEL">INFO</span>
        <span class="MSG">: Overall endplate connection design is safe 
</span>
    </div>

    <div  class="LOG DEBUG">
        <span class="DATE">Thu, 18 Aug 2016 11:43:39</span>
        <span class="LEVEL">DEBUG</span>
        <span class="MSG"> :=========End Of design===========</span>
    </div>

    <div  class="LOG INFO">
        <span class="DATE">Thu, 18 Aug 2016 11:43:39</span>
        <span class="LEVEL">INFO</span>
        <span class="MSG">: Overall endplate connection design is safe 
</span>
    </div>

    <div  class="LOG DEBUG">
        <span class="DATE">Thu, 18 Aug 2016 11:43:39</span>
        <span class="LEVEL">DEBUG</span>
        <span class="MSG"> :=========End Of design===========</span>
    </div>
