<link rel="stylesheet" type="text/css" href="Connections/Shear/Finplate/log.css"/>
<link rel="stylesheet" type="text/css" href="Connections/Shear/cleatAngle/log.css"/>
an>
        <span class="LEVEL">INFO</span>
        <span class="MSG">: Overall finplate connection design is safe 
</span>
    </div>

    <div  class="LOG DEBUG">
        <span class="DATE">Thu, 23 Mar 2017 16:50:45</span>
        <span class="LEVEL">DEBUG</span>
        <span class="MSG"> :=========End Of design===========</span>
    </div>

    <div  class="LOG INFO">
        <span class="DATE">Thu, 23 Mar 2017 16:51:41</span>
        <span class="LEVEL">INFO</span>
        <span class="MSG">: Overall cleat Angle connection design is safe 
</span>
    </div>

    <div  class="LOG DEBUG">
        <span class="DATE">Thu, 23 Mar 2017 16:51:41</span>
        <span class="LEVEL">DEBUG</span>
        <span class="MSG"> :=========End Of design===========</span>
    </div>
